MediaPlayer/proguard/seeds.txt
info.monitorenter.cpdetector.io.JarArchive
info.monitorenter.cpdetector.io.JarArchive: java.util.jar.JarFile jar
info.monitorenter.cpdetector.io.JarArchive: java.util.Set childs
info.monitorenter.cpdetector.io.JarArchive: JarArchive(java.lang.String)
info.monitorenter.cpdetector.io.JarArchive: JarArchive(java.io.File)
info.monitorenter.cpdetector.io.JarArchive: info.monitorenter.cpdetector.util.collections.ITreeNode parseTree()
info.monitorenter.cpdetector.io.JarArchive: void buildTree(info.monitorenter.cpdetector.util.collections.ITreeNode,info.monitorenter.cpdetector.io.JarArchive)
info.monitorenter.cpdetector.io.JarArchive: java.lang.String getSearchPath(info.monitorenter.cpdetector.util.collections.ITreeNode)
info.monitorenter.cpdetector.io.JarArchive: boolean canRead()
info.monitorenter.cpdetector.io.JarArchive: boolean canWrite()
info.monitorenter.cpdetector.io.JarArchive: int compareTo(java.io.File)
info.monitorenter.cpdetector.io.JarArchive: boolean createNewFile()
info.monitorenter.cpdetector.io.JarArchive: boolean delete()
info.monitorenter.cpdetector.io.JarArchive: void deleteOnExit()
info.monitorenter.cpdetector.io.JarArchive: boolean equals(java.lang.Object)
info.monitorenter.cpdetector.io.JarArchive: boolean exists()
info.monitorenter.cpdetector.io.JarArchive: java.io.File getAbsoluteFile()
info.monitorenter.cpdetector.io.JarArchive: java.lang.String getAbsolutePath()
info.monitorenter.cpdetector.io.JarArchive: java.io.File getCanonicalFile()
info.monitorenter.cpdetector.io.JarArchive$1
info.monitorenter.cpdetector.io.JarArchive$JarElement
info.monitorenter.cpdetector.io.JarArchive$JarElement: java.io.File m_parent
info.monitorenter.cpdetector.io.JarArchive$JarElement: java.util.jar.JarEntry m_entry
info.monitorenter.cpdetector.io.JarArchive$JarElement: info.monitorenter.cpdetector.io.JarArchive this$0
info.monitorenter.cpdetector.io.JarArchive$JarElement: JarArchive$JarElement(info.monitorenter.cpdetector.io.JarArchive,java.util.jar.JarEntry,java.io.File)
info.monitorenter.cpdetector.io.JarArchive$JarElement: java.io.File getAbsoluteFile()
info.monitorenter.cpdetector.io.JarArchive$JarElement: java.lang.String getAbsolutePath()
info.monitorenter.cpdetector.io.JarArchive$JarElement: java.lang.String getName()
info.monitorenter.cpdetector.io.JarArchive$JarElement: java.lang.String getParent()
info.monitorenter.cpdetector.io.JarArchive$JarElement: java.io.File getParentFile()
info.monitorenter.cpdetector.io.JarArchive$JarElement: boolean isDirectory()
info.monitorenter.cpdetector.io.JarArchive$JarElement: boolean isFile()
info.monitorenter.cpdetector.io.JarArchive$JarElement: long lastModified()
info.monitorenter.cpdetector.io.JarArchive$JarElement: long length()
info.monitorenter.cpdetector.io.JarArchive$JarElement: java.lang.String toString()
info.monitorenter.cpdetector.io.JarArchive$JarElement: java.lang.String getPath()
info.monitorenter.cpdetector.io.JarArchive$JarElement: int compareTo(java.lang.Object)
info.monitorenter.cpdetector.io.ParsingDetector
info.monitorenter.cpdetector.io.ParsingDetector: boolean m_verbose
info.monitorenter.cpdetector.io.ParsingDetector: ParsingDetector()
info.monitorenter.cpdetector.io.ParsingDetector: ParsingDetector(boolean)
info.monitorenter.cpdetector.io.ParsingDetector: java.nio.charset.Charset detectCodepage(java.io.InputStream,int)
info.monitorenter.cpdetector.io.UnicodeDetector
info.monitorenter.cpdetector.io.UnicodeDetector: info.monitorenter.cpdetector.io.ICodepageDetector instance
info.monitorenter.cpdetector.io.UnicodeDetector: UnicodeDetector()
info.monitorenter.cpdetector.io.UnicodeDetector: info.monitorenter.cpdetector.io.ICodepageDetector getInstance()
info.monitorenter.cpdetector.io.UnicodeDetector: java.nio.charset.Charset detectCodepage(java.io.InputStream,int)
info.monitorenter.cpdetector.io.UnicodeDetector: java.nio.charset.Charset detectCodepage(java.net.URL)