MediaPlayer/proguard/mapping.txt
org.jaudiotagger.audio.asf.io.CountingInputStream -> org.jaudiotagger.audio.asf.io.CountingInputStream:
    long markPos -> markPos
    long readCount -> readCount
    void bytesRead(long) -> bytesRead
    long getReadCount() -> getReadCount
    void mark(int) -> mark
    int read() -> read
    int read(byte[],int,int) -> read
    void reset() -> reset
    long skip(long) -> skip
org.jaudiotagger.audio.asf.io.CountingOutputstream -> org.jaudiotagger.audio.asf.io.CountingOutputstream:
    long count -> count
    java.io.OutputStream wrapped -> wrapped
    boolean $assertionsDisabled -> $assertionsDisabled
    void close() -> close
    void flush() -> flush
    long getCount() -> getCount
    void write(byte[]) -> write
    void write(byte[],int,int) -> write
    void write(int) -> write
org.jaudiotagger.audio.asf.io.EncodingChunkReader -> org.jaudiotagger.audio.asf.io.EncodingChunkReader:
    org.jaudiotagger.audio.asf.data.GUID[] APPLYING -> APPLYING
    boolean canFail() -> canFail
    org.jaudiotagger.audio.asf.data.GUID[] getApplyingIds() -> getApplyingIds
    org.jaudiotagger.audio.asf.data.Chunk read(org.jaudiotagger.audio.asf.data.GUID,java.io.InputStream,long) -> read
org.jaudiotagger.audio.asf.io.EncryptionChunkReader -> org.jaudiotagger.audio.asf.io.EncryptionChunkReader:
    org.jaudiotagger.audio.asf.data.GUID[] APPLYING -> APPLYING
    boolean canFail() -> canFail
    org.jaudiotagger.audio.asf.data.GUID[] getApplyingIds() -> getApplyingIds
    org.jaudiotagger.audio.asf.data.Chunk read(org.jaudiotagger.audio.asf.data.GUID,java.io.InputStream,long) -> read
org.jaudiotagger.audio.asf.io.FileHeaderReader -> org.jaudiotagger.audio.asf.io.FileHeaderReader:
    org.jaudiotagger.audio.asf.data.GUID[] APPLYING -> APPLYING
    boolean canFail() -> canFail
    org.jaudiotagger.audio.asf.data.GUID[] getApplyingIds() -> getApplyingIds
    org.jaudiotagger.audio.asf.data.Chunk read(org.jaudiotagger.audio.asf.data.GUID,java.io.InputStream,long) -> read
org.jaudiotagger.audio.asf.io.FullRequestInputStream -> org.jaudiotagger.audio.asf.io.FullRequestInputStream:
    int read(byte[]) -> read
    int read(byte[],int,int) -> read
    long skip(long) -> skip
org.jaudiotagger.audio.asf.io.LanguageListReader -> org.jaudiotagger.audio.asf.io.LanguageListReader:
    org.jaudiotagger.audio.asf.data.GUID[] APPLYING -> APPLYING
    boolean $assertionsDisabled -> $assertionsDisabled
    boolean canFail() -> canFail
    org.jaudiotagger.audio.asf.data.GUID[] getApplyingIds() -> getApplyingIds
    org.jaudiotagger.audio.asf.data.Chunk read(org.jaudiotagger.audio.asf.data.GUID,java.io.InputStream,long) -> read
org.jaudiotagger.audio.asf.io.MetadataReader -> org.jaudiotagger.audio.asf.io.MetadataReader:
    org.jaudiotagger.audio.asf.data.GUID[] APPLYING -> APPLYING
    boolean $assertionsDisabled -> $assertionsDisabled
    boolean canFail() -> canFail
    org.jaudiotagger.audio.asf.data.GUID[] getApplyingIds() -> getApplyingIds
    org.jaudiotagger.audio.asf.data.Chunk read(org.jaudiotagger.audio.asf.data.GUID,java.io.InputStream,long) -> read
    boolean readBoolean(java.io.InputStream,int) -> readBoolean
org.jaudiotagger.audio.asf.io.ModificationResult -> org.jaudiotagger.audio.asf.io.ModificationResult:
    long byteDifference -> byteDifference
    int chunkDifference -> chunkDifference
    java.util.Set occuredGUIDs -> occuredGUIDs
    boolean $assertionsDisabled -> $assertionsDisabled
    long getByteDifference() -> getByteDifference
    int getChunkCountDifference() -> getChunkCountDifference
    java.util.Set getOccuredGUIDs() -> getOccuredGUIDs
org.jaudiotagger.audio.asf.io.RandomAccessFileInputstream -> org.jaudiotagger.audio.asf.io.RandomAccessFileInputstream:
    java.io.RandomAccessFile source -> source
    int read() -> read
    int read(byte[],int,int) -> read
    long skip(long) -> skip