MediaPlayer/proguard/usage.txt
com.cwd.cmeplayer.list.FolderList:
    17:17:public FolderList()
com.cwd.cmeplayer.list.LyricList:
    14:14:public LyricList()
com.cwd.cmeplayer.list.MusicList:
    17:17:public MusicList()
com.cwd.cmeplayer.service.MediaService:
    public static final int CONTROL_COMMAND_PLAY
    public static final int CONTROL_COMMAND_PREVIOUS
    public static final int CONTROL_COMMAND_NEXT
    public static final int CONTROL_COMMAND_MODE
    public static final int CONTROL_COMMAND_REWIND
    public static final int CONTROL_COMMAND_FORWARD
    public static final int CONTROL_COMMAND_REPLAY
    public static final int ACTIVITY_SCAN
    public static final int ACTIVITY_MAIN
    public static final int ACTIVITY_PLAYER
    public static final int ACTIVITY_SETTING
    public static final java.lang.String INTENT_ACTIVITY
    public static final java.lang.String INTENT_LIST_PAGE
    public static final java.lang.String INTENT_LIST_POSITION
    public static final java.lang.String INTENT_FOLDER_POSITION
    public static final java.lang.String BROADCAST_ACTION_SERVICE
    private static final int MEDIA_PLAY_ERROR
    private static final int MEDIA_PLAY_START
    private static final int MEDIA_PLAY_UPDATE
    private static final int MEDIA_PLAY_COMPLETE
    private static final int MEDIA_PLAY_UPDATE_LYRIC
    private static final int MEDIA_PLAY_REWIND
    private static final int MEDIA_PLAY_FORWARD
    private static final int MEDIA_BUTTON_ONE_CLICK
    private static final int MEDIA_BUTTON_DOUBLE_CLICK
com.cwd.cmeplayer.slidingmenu.CustomViewAbove:
    private static final java.lang.String TAG
    private static final boolean DEBUG
    private static final boolean USE_CACHE
    private static final int MAX_SETTLE_DURATION
    private static final int MIN_DISTANCE_FOR_FLING
    private static final int INVALID_POINTER
    314:317:public void addIgnoredView(android.view.View)
    320:321:public void removeIgnoredView(android.view.View)
    324:325:public void clearIgnoredViews()
    386:392:public int getChildWidth(int)
    397:397:public boolean isSlidingEnabled()
    413:414:void smoothScrollTo(int,int)
    972:993:protected boolean canScroll(android.view.View,boolean,int,int,int)
com.cwd.cmeplayer.slidingmenu.CustomViewAbove$SimpleOnPageChangeListener:
    171:171:public void onPageScrollStateChanged(int)
com.cwd.cmeplayer.slidingmenu.CustomViewBehind:
    private static final java.lang.String TAG
    private static final int MARGIN_THRESHOLD
com.cwd.cmeplayer.slidingmenu.SlidingActivityBase
com.cwd.cmeplayer.slidingmenu.SlidingActivityHelper:
    122:126:public void setSlidingActionBarEnabled(boolean)
    188:190:public void setContentView(android.view.View)
    242:243:public void showSecondaryMenu()
com.cwd.cmeplayer.slidingmenu.SlidingListActivity:
    172:173:public void showContent()
    190:191:public void showSecondaryMenu()
    201:202:public void setSlidingActionBarEnabled(boolean)
com.cwd.cmeplayer.slidingmenu.SlidingMenu:
    private static final java.lang.String TAG
    public static final int SLIDING_WINDOW
    public static final int SLIDING_CONTENT
    public static final int TOUCHMODE_MARGIN
    public static final int TOUCHMODE_FULLSCREEN
    public static final int TOUCHMODE_NONE
    public static final int LEFT
    public static final int RIGHT
    public static final int LEFT_RIGHT
    501:501:public boolean isSlidingEnabled()
    570:571:public void showSecondaryMenu()
    948:949:public void addIgnoredView(android.view.View)
    958:959:public void removeIgnoredView(android.view.View)
    966:967:public void clearIgnoredViews()
com.cwd.cmeplayer.slidingmenu.SlidingMenu$1:
    public static final int POSITION_OPEN
    public static final int POSITION_CLOSE
com.cwd.cmeplayer.util.FormatUtil:
    15:15:public FormatUtil()